<?xml version="1.0" encoding="UTF-8"?>
<!-- Generated by org.testng.reporters.JUnitReportReporter -->
<testsuite hostname="LAPTOP-AVB2L64G" failures="0" tests="3" name="com.crm.qa.testcases.LoginPageTest" time="25.963" errors="0" timestamp="01 Mar 2024 08:26:16 GMT" skipped="0">
  <testcase classname="com.crm.qa.testcases.LoginPageTest" name="loginPageTitleTest" time="8.624"/>
  <testcase classname="com.crm.qa.testcases.LoginPageTest" name="crmLogoImageTest" time="5.657"/>
  <testcase classname="com.crm.qa.testcases.LoginPageTest" name="loginTest" time="11.682"/>
</testsuite> <!-- com.crm.qa.testcases.LoginPageTest -->
