<?xml version="1.0" encoding="UTF-8"?>
<!-- Generated by org.testng.reporters.JUnitReportReporter -->
<testsuite hostname="LAPTOP-1CNMLFBJ" failures="0" tests="1" name="com.crm.qa.testcases.openAccountpageTest" time="6.948" errors="0" timestamp="09 Mar 2024 09:26:54 GMT" skipped="0">
  <testcase classname="com.crm.qa.testcases.openAccountpageTest" name="openaccount" time="6.948"/>
</testsuite> <!-- com.crm.qa.testcases.openAccountpageTest -->
