<?xml version="1.0" encoding="UTF-8"?>
<!-- Generated by org.testng.reporters.JUnitReportReporter -->
<testsuite hostname="LAPTOP-1CNMLFBJ" failures="0" tests="1" name="com.crm.qa.testcases.customerTransactionPageTest" time="6.332" errors="0" timestamp="09 Mar 2024 09:26:54 GMT" skipped="0">
  <testcase classname="com.crm.qa.testcases.customerTransactionPageTest" name="customertransaction" time="6.332"/>
</testsuite> <!-- com.crm.qa.testcases.customerTransactionPageTest -->
